WARNING:torch.distributed.run:
*****************************************
Setting OMP_NUM_THREADS environment variable for each process to be 1 in default, to avoid your system being overloaded, please further tune the variable for optimal performance in your application as needed. 
*****************************************
[W socket.cpp:426] [c10d] The server socket has failed to bind to [::]:6001 (errno: 98 - Address already in use).
[W socket.cpp:426] [c10d] The server socket has failed to bind to cnhv.co:6001 (errno: 98 - Address already in use).
[E socket.cpp:462] [c10d] The server socket has failed to listen on any local network address.
Traceback (most recent call last):
  File "/home/qmli/anaconda3/envs/intern/bin/torchrun", line 8, in <module>
    sys.exit(main())
  File "/home/qmli/anaconda3/envs/intern/lib/python3.9/site-packages/torch/distributed/elastic/multiprocessing/errors/__init__.py", line 346, in wrapper
    return f(*args, **kwargs)
  File "/home/qmli/anaconda3/envs/intern/lib/python3.9/site-packages/torch/distributed/run.py", line 794, in main
    run(args)
  File "/home/qmli/anaconda3/envs/intern/lib/python3.9/site-packages/torch/distributed/run.py", line 785, in run
    elastic_launch(
  File "/home/qmli/anaconda3/envs/intern/lib/python3.9/site-packages/torch/distributed/launcher/api.py", line 134, in __call__
    return launch_agent(self._config, self._entrypoint, list(args))
  File "/home/qmli/anaconda3/envs/intern/lib/python3.9/site-packages/torch/distributed/launcher/api.py", line 241, in launch_agent
    result = agent.run()
  File "/home/qmli/anaconda3/envs/intern/lib/python3.9/site-packages/torch/distributed/elastic/metrics/api.py", line 129, in wrapper
    result = f(*args, **kwargs)
  File "/home/qmli/anaconda3/envs/intern/lib/python3.9/site-packages/torch/distributed/elastic/agent/server/api.py", line 723, in run
    result = self._invoke_run(role)
  File "/home/qmli/anaconda3/envs/intern/lib/python3.9/site-packages/torch/distributed/elastic/agent/server/api.py", line 858, in _invoke_run
    self._initialize_workers(self._worker_group)
  File "/home/qmli/anaconda3/envs/intern/lib/python3.9/site-packages/torch/distributed/elastic/metrics/api.py", line 129, in wrapper
    result = f(*args, **kwargs)
  File "/home/qmli/anaconda3/envs/intern/lib/python3.9/site-packages/torch/distributed/elastic/agent/server/api.py", line 692, in _initialize_workers
    self._rendezvous(worker_group)
  File "/home/qmli/anaconda3/envs/intern/lib/python3.9/site-packages/torch/distributed/elastic/metrics/api.py", line 129, in wrapper
    result = f(*args, **kwargs)
  File "/home/qmli/anaconda3/envs/intern/lib/python3.9/site-packages/torch/distributed/elastic/agent/server/api.py", line 546, in _rendezvous
    store, group_rank, group_world_size = spec.rdzv_handler.next_rendezvous()
  File "/home/qmli/anaconda3/envs/intern/lib/python3.9/site-packages/torch/distributed/elastic/rendezvous/static_tcp_rendezvous.py", line 55, in next_rendezvous
    self._store = TCPStore(  # type: ignore[call-arg]
RuntimeError: The server socket has failed to listen on any local network address. The server socket has failed to bind to [::]:6001 (errno: 98 - Address already in use). The server socket has failed to bind to cnhv.co:6001 (errno: 98 - Address already in use).
